<?xml version="1.0" encoding="UTF-8"?>
<testsuite xmlns:xsi="http://www.w3.org/2001/XMLSchema-instance" xsi:noNamespaceSchemaLocation="https://maven.apache.org/surefire/maven-surefire-plugin/xsd/surefire-test-report-3.0.xsd" version="3.0" name="com.example.AppTest" time="0.034" tests="1" errors="0" skipped="0" failures="0">
  <properties>
    <property name="java.specification.version" value="23"/>
    <property name="sun.cpu.isalist" value="amd64"/>
    <property name="sun.jnu.encoding" value="Cp1252"/>
    <property name="java.class.path" value="G:\Promo\cModeler_Git\cMM\OCCP_Dev2\PelletValidator\target\test-classes;G:\Promo\cModeler_Git\cMM\OCCP_Dev2\PelletValidator\target\classes;C:\Users\Albrecht\.m2\repository\org\apache\jena\jena-rdfpatch\4.9.0\jena-rdfpatch-4.9.0.jar;C:\Users\Albrecht\.m2\repository\org\apache\jena\jena-shex\4.9.0\jena-shex-4.9.0.jar;C:\Users\Albrecht\.m2\repository\org\apache\jena\jena-tdb\4.9.0\jena-tdb-4.9.0.jar;C:\Users\Albrecht\.m2\repository\org\apache\jena\jena-rdfconnection\4.9.0\jena-rdfconnection-4.9.0.jar;C:\Users\Albrecht\.m2\repository\net\sourceforge\owlapi\owlapi-distribution\5.1.17\owlapi-distribution-5.1.17.jar;C:\Users\Albrecht\.m2\repository\net\sourceforge\owlapi\owlapi-compatibility\5.1.17\owlapi-compatibility-5.1.17.jar;C:\Users\Albrecht\.m2\repository\net\sourceforge\owlapi\owlapi-apibinding\5.1.17\owlapi-apibinding-5.1.17.jar;C:\Users\Albrecht\.m2\repository\net\sourceforge\owlapi\owlapi-api\5.1.17\owlapi-api-5.1.17.jar;C:\Users\Albrecht\.m2\repository\javax\inject\javax.inject\1\javax.inject-1.jar;C:\Users\Albrecht\.m2\repository\net\sourceforge\owlapi\owlapi-impl\5.1.17\owlapi-impl-5.1.17.jar;C:\Users\Albrecht\.m2\repository\net\sourceforge\owlapi\owlapi-parsers\5.1.17\owlapi-parsers-5.1.17.jar;C:\Users\Albrecht\.m2\repository\net\sourceforge\owlapi\owlapi-oboformat\5.1.17\owlapi-oboformat-5.1.17.jar;C:\Users\Albrecht\.m2\repository\net\sourceforge\owlapi\owlapi-tools\5.1.17\owlapi-tools-5.1.17.jar;C:\Users\Albrecht\.m2\repository\net\sourceforge\owlapi\owlapi-rio\5.1.17\owlapi-rio-5.1.17.jar;C:\Users\Albrecht\.m2\repository\com\fasterxml\jackson\core\jackson-core\2.9.10\jackson-core-2.9.10.jar;C:\Users\Albrecht\.m2\repository\com\fasterxml\jackson\core\jackson-databind\2.9.10.5\jackson-databind-2.9.10.5.jar;C:\Users\Albrecht\.m2\repository\com\fasterxml\jackson\core\jackson-annotations\2.9.10\jackson-annotations-2.9.10.jar;C:\Users\Albrecht\.m2\repository\org\apache\commons\commons-rdf-api\0.5.0\commons-rdf-api-0.5.0.jar;C:\Users\Albrecht\.m2\repository\org\tukaani\xz\1.6\xz-1.6.jar;C:\Users\Albrecht\.m2\repository\org\slf4j\slf4j-api\1.7.22\slf4j-api-1.7.22.jar;C:\Users\Albrecht\.m2\repository\org\slf4j\jcl-over-slf4j\1.7.22\jcl-over-slf4j-1.7.22.jar;C:\Users\Albrecht\.m2\repository\org\eclipse\rdf4j\rdf4j-model\3.4.3\rdf4j-model-3.4.3.jar;C:\Users\Albrecht\.m2\repository\org\eclipse\rdf4j\rdf4j-rio-api\3.4.3\rdf4j-rio-api-3.4.3.jar;C:\Users\Albrecht\.m2\repository\org\eclipse\rdf4j\rdf4j-rio-languages\3.4.3\rdf4j-rio-languages-3.4.3.jar;C:\Users\Albrecht\.m2\repository\org\eclipse\rdf4j\rdf4j-rio-datatypes\3.4.3\rdf4j-rio-datatypes-3.4.3.jar;C:\Users\Albrecht\.m2\repository\org\eclipse\rdf4j\rdf4j-rio-binary\3.4.3\rdf4j-rio-binary-3.4.3.jar;C:\Users\Albrecht\.m2\repository\org\eclipse\rdf4j\rdf4j-rio-n3\3.4.3\rdf4j-rio-n3-3.4.3.jar;C:\Users\Albrecht\.m2\repository\org\eclipse\rdf4j\rdf4j-rio-nquads\3.4.3\rdf4j-rio-nquads-3.4.3.jar;C:\Users\Albrecht\.m2\repository\org\eclipse\rdf4j\rdf4j-rio-ntriples\3.4.3\rdf4j-rio-ntriples-3.4.3.jar;C:\Users\Albrecht\.m2\repository\org\eclipse\rdf4j\rdf4j-rio-rdfjson\3.4.3\rdf4j-rio-rdfjson-3.4.3.jar;C:\Users\Albrecht\.m2\repository\org\eclipse\rdf4j\rdf4j-rio-jsonld\3.4.3\rdf4j-rio-jsonld-3.4.3.jar;C:\Users\Albrecht\.m2\repository\org\apache\httpcomponents\httpclient\4.5.10\httpclient-4.5.10.jar;C:\Users\Albrecht\.m2\repository\org\apache\httpcomponents\httpcore\4.4.12\httpcore-4.4.12.jar;C:\Users\Albrecht\.m2\repository\org\apache\httpcomponents\httpclient-cache\4.5.10\httpclient-cache-4.5.10.jar;C:\Users\Albrecht\.m2\repository\org\eclipse\rdf4j\rdf4j-rio-rdfxml\3.4.3\rdf4j-rio-rdfxml-3.4.3.jar;C:\Users\Albrecht\.m2\repository\org\eclipse\rdf4j\rdf4j-rio-trix\3.4.3\rdf4j-rio-trix-3.4.3.jar;C:\Users\Albrecht\.m2\repository\org\eclipse\rdf4j\rdf4j-rio-turtle\3.4.3\rdf4j-rio-turtle-3.4.3.jar;C:\Users\Albrecht\.m2\repository\org\eclipse\rdf4j\rdf4j-rio-trig\3.4.3\rdf4j-rio-trig-3.4.3.jar;C:\Users\Albrecht\.m2\repository\org\eclipse\rdf4j\rdf4j-rio-hdt\3.4.3\rdf4j-rio-hdt-3.4.3.jar;C:\Users\Albrecht\.m2\repository\org\eclipse\rdf4j\rdf4j-util\3.4.3\rdf4j-util-3.4.3.jar;C:\Users\Albrecht\.m2\repository\com\github\jsonld-java\jsonld-java\0.13.0\jsonld-java-0.13.0.jar;C:\Users\Albrecht\.m2\repository\org\apache\httpcomponents\httpclient-osgi\4.5.10\httpclient-osgi-4.5.10.jar;C:\Users\Albrecht\.m2\repository\commons-codec\commons-codec\1.11\commons-codec-1.11.jar;C:\Users\Albrecht\.m2\repository\org\apache\httpcomponents\httpmime\4.5.10\httpmime-4.5.10.jar;C:\Users\Albrecht\.m2\repository\org\apache\httpcomponents\fluent-hc\4.5.10\fluent-hc-4.5.10.jar;C:\Users\Albrecht\.m2\repository\org\apache\httpcomponents\httpcore-osgi\4.4.12\httpcore-osgi-4.4.12.jar;C:\Users\Albrecht\.m2\repository\org\apache\httpcomponents\httpcore-nio\4.4.12\httpcore-nio-4.4.12.jar;C:\Users\Albrecht\.m2\repository\com\github\vsonnier\hppcrt\0.7.5\hppcrt-0.7.5.jar;C:\Users\Albrecht\.m2\repository\com\github\ben-manes\caffeine\caffeine\2.8.1\caffeine-2.8.1.jar;C:\Users\Albrecht\.m2\repository\org\checkerframework\checker-qual\3.1.0\checker-qual-3.1.0.jar;C:\Users\Albrecht\.m2\repository\com\google\errorprone\error_prone_annotations\2.3.4\error_prone_annotations-2.3.4.jar;C:\Users\Albrecht\.m2\repository\com\google\guava\guava\30.0-jre\guava-30.0-jre.jar;C:\Users\Albrecht\.m2\repository\com\google\guava\failureaccess\1.0.1\failureaccess-1.0.1.jar;C:\Users\Albrecht\.m2\repository\com\google\guava\listenablefuture\9999.0-empty-to-avoid-conflict-with-guava\listenablefuture-9999.0-empty-to-avoid-conflict-with-guava.jar;C:\Users\Albrecht\.m2\repository\com\google\j2objc\j2objc-annotations\1.3\j2objc-annotations-1.3.jar;C:\Users\Albrecht\.m2\repository\com\google\code\findbugs\jsr305\3.0.2\jsr305-3.0.2.jar;C:\Users\Albrecht\.m2\repository\commons-io\commons-io\2.6\commons-io-2.6.jar;C:\Users\Albrecht\.m2\repository\org\apache\jena\jena-shacl\4.9.0\jena-shacl-4.9.0.jar;C:\Users\Albrecht\.m2\repository\org\apache\jena\jena-arq\4.9.0\jena-arq-4.9.0.jar;C:\Users\Albrecht\.m2\repository\org\apache\jena\jena-core\4.9.0\jena-core-4.9.0.jar;C:\Users\Albrecht\.m2\repository\org\apache\jena\jena-base\4.9.0\jena-base-4.9.0.jar;C:\Users\Albrecht\.m2\repository\org\apache\commons\commons-csv\1.10.0\commons-csv-1.10.0.jar;C:\Users\Albrecht\.m2\repository\org\apache\commons\commons-compress\1.23.0\commons-compress-1.23.0.jar;C:\Users\Albrecht\.m2\repository\org\apache\commons\commons-collections4\4.4\commons-collections4-4.4.jar;C:\Users\Albrecht\.m2\repository\com\github\andrewoma\dexx\collection\0.7\collection-0.7.jar;C:\Users\Albrecht\.m2\repository\org\apache\jena\jena-iri\4.9.0\jena-iri-4.9.0.jar;C:\Users\Albrecht\.m2\repository\commons-cli\commons-cli\1.5.0\commons-cli-1.5.0.jar;C:\Users\Albrecht\.m2\repository\org\roaringbitmap\RoaringBitmap\0.9.45\RoaringBitmap-0.9.45.jar;C:\Users\Albrecht\.m2\repository\org\roaringbitmap\shims\0.9.45\shims-0.9.45.jar;C:\Users\Albrecht\.m2\repository\com\google\code\gson\gson\2.10.1\gson-2.10.1.jar;C:\Users\Albrecht\.m2\repository\com\apicatalog\titanium-json-ld\1.3.2\titanium-json-ld-1.3.2.jar;C:\Users\Albrecht\.m2\repository\org\glassfish\jakarta.json\2.0.1\jakarta.json-2.0.1.jar;C:\Users\Albrecht\.m2\repository\com\google\protobuf\protobuf-java\3.23.3\protobuf-java-3.23.3.jar;C:\Users\Albrecht\.m2\repository\org\apache\thrift\libthrift\0.18.1\libthrift-0.18.1.jar;C:\Users\Albrecht\.m2\repository\org\apache\commons\commons-lang3\3.12.0\commons-lang3-3.12.0.jar;C:\Users\Albrecht\.m2\repository\org\apache\jena\jena-tdb2\4.9.0\jena-tdb2-4.9.0.jar;C:\Users\Albrecht\.m2\repository\org\apache\jena\jena-dboe-storage\4.9.0\jena-dboe-storage-4.9.0.jar;C:\Users\Albrecht\.m2\repository\org\apache\jena\jena-dboe-trans-data\4.9.0\jena-dboe-trans-data-4.9.0.jar;C:\Users\Albrecht\.m2\repository\org\apache\jena\jena-dboe-transaction\4.9.0\jena-dboe-transaction-4.9.0.jar;C:\Users\Albrecht\.m2\repository\org\apache\jena\jena-dboe-base\4.9.0\jena-dboe-base-4.9.0.jar;C:\Users\Albrecht\.m2\repository\org\apache\jena\jena-dboe-index\4.9.0\jena-dboe-index-4.9.0.jar;C:\Users\Albrecht\.m2\repository\com\clarkparsia\pellet\2.2.2\pellet-2.2.2.jar;C:\Users\Albrecht\.m2\repository\junit\junit\4.13.2\junit-4.13.2.jar;C:\Users\Albrecht\.m2\repository\org\hamcrest\hamcrest-core\1.3\hamcrest-core-1.3.jar;G:\Promo\cModeler_Git\cMM\OCCP_Dev2\lib\aterm-java-1.6.jar;"/>
    <property name="java.vm.vendor" value="Oracle Corporation"/>
    <property name="sun.arch.data.model" value="64"/>
    <property name="user.variant" value=""/>
    <property name="java.vendor.url" value="https://java.oracle.com/"/>
    <property name="user.timezone" value="Europe/Berlin"/>
    <property name="os.name" value="Windows 10"/>
    <property name="java.vm.specification.version" value="23"/>
    <property name="sun.java.launcher" value="SUN_STANDARD"/>
    <property name="user.country" value="DE"/>
    <property name="sun.boot.library.path" value="C:\Program Files\Java\jdk-23\bin"/>
    <property name="sun.java.command" value="C:\Users\Albrecht\AppData\Local\Temp\surefire351349718873422605\surefirebooter-20250305134756801_3.jar C:\Users\Albrecht\AppData\Local\Temp\surefire351349718873422605 2025-03-05T13-47-56_699-jvmRun1 surefire-20250305134756801_1tmp surefire_0-20250305134756801_2tmp"/>
    <property name="jdk.debug" value="release"/>
    <property name="surefire.test.class.path" value="G:\Promo\cModeler_Git\cMM\OCCP_Dev2\PelletValidator\target\test-classes;G:\Promo\cModeler_Git\cMM\OCCP_Dev2\PelletValidator\target\classes;C:\Users\Albrecht\.m2\repository\org\apache\jena\jena-rdfpatch\4.9.0\jena-rdfpatch-4.9.0.jar;C:\Users\Albrecht\.m2\repository\org\apache\jena\jena-shex\4.9.0\jena-shex-4.9.0.jar;C:\Users\Albrecht\.m2\repository\org\apache\jena\jena-tdb\4.9.0\jena-tdb-4.9.0.jar;C:\Users\Albrecht\.m2\repository\org\apache\jena\jena-rdfconnection\4.9.0\jena-rdfconnection-4.9.0.jar;C:\Users\Albrecht\.m2\repository\net\sourceforge\owlapi\owlapi-distribution\5.1.17\owlapi-distribution-5.1.17.jar;C:\Users\Albrecht\.m2\repository\net\sourceforge\owlapi\owlapi-compatibility\5.1.17\owlapi-compatibility-5.1.17.jar;C:\Users\Albrecht\.m2\repository\net\sourceforge\owlapi\owlapi-apibinding\5.1.17\owlapi-apibinding-5.1.17.jar;C:\Users\Albrecht\.m2\repository\net\sourceforge\owlapi\owlapi-api\5.1.17\owlapi-api-5.1.17.jar;C:\Users\Albrecht\.m2\repository\javax\inject\javax.inject\1\javax.inject-1.jar;C:\Users\Albrecht\.m2\repository\net\sourceforge\owlapi\owlapi-impl\5.1.17\owlapi-impl-5.1.17.jar;C:\Users\Albrecht\.m2\repository\net\sourceforge\owlapi\owlapi-parsers\5.1.17\owlapi-parsers-5.1.17.jar;C:\Users\Albrecht\.m2\repository\net\sourceforge\owlapi\owlapi-oboformat\5.1.17\owlapi-oboformat-5.1.17.jar;C:\Users\Albrecht\.m2\repository\net\sourceforge\owlapi\owlapi-tools\5.1.17\owlapi-tools-5.1.17.jar;C:\Users\Albrecht\.m2\repository\net\sourceforge\owlapi\owlapi-rio\5.1.17\owlapi-rio-5.1.17.jar;C:\Users\Albrecht\.m2\repository\com\fasterxml\jackson\core\jackson-core\2.9.10\jackson-core-2.9.10.jar;C:\Users\Albrecht\.m2\repository\com\fasterxml\jackson\core\jackson-databind\2.9.10.5\jackson-databind-2.9.10.5.jar;C:\Users\Albrecht\.m2\repository\com\fasterxml\jackson\core\jackson-annotations\2.9.10\jackson-annotations-2.9.10.jar;C:\Users\Albrecht\.m2\repository\org\apache\commons\commons-rdf-api\0.5.0\commons-rdf-api-0.5.0.jar;C:\Users\Albrecht\.m2\repository\org\tukaani\xz\1.6\xz-1.6.jar;C:\Users\Albrecht\.m2\repository\org\slf4j\slf4j-api\1.7.22\slf4j-api-1.7.22.jar;C:\Users\Albrecht\.m2\repository\org\slf4j\jcl-over-slf4j\1.7.22\jcl-over-slf4j-1.7.22.jar;C:\Users\Albrecht\.m2\repository\org\eclipse\rdf4j\rdf4j-model\3.4.3\rdf4j-model-3.4.3.jar;C:\Users\Albrecht\.m2\repository\org\eclipse\rdf4j\rdf4j-rio-api\3.4.3\rdf4j-rio-api-3.4.3.jar;C:\Users\Albrecht\.m2\repository\org\eclipse\rdf4j\rdf4j-rio-languages\3.4.3\rdf4j-rio-languages-3.4.3.jar;C:\Users\Albrecht\.m2\repository\org\eclipse\rdf4j\rdf4j-rio-datatypes\3.4.3\rdf4j-rio-datatypes-3.4.3.jar;C:\Users\Albrecht\.m2\repository\org\eclipse\rdf4j\rdf4j-rio-binary\3.4.3\rdf4j-rio-binary-3.4.3.jar;C:\Users\Albrecht\.m2\repository\org\eclipse\rdf4j\rdf4j-rio-n3\3.4.3\rdf4j-rio-n3-3.4.3.jar;C:\Users\Albrecht\.m2\repository\org\eclipse\rdf4j\rdf4j-rio-nquads\3.4.3\rdf4j-rio-nquads-3.4.3.jar;C:\Users\Albrecht\.m2\repository\org\eclipse\rdf4j\rdf4j-rio-ntriples\3.4.3\rdf4j-rio-ntriples-3.4.3.jar;C:\Users\Albrecht\.m2\repository\org\eclipse\rdf4j\rdf4j-rio-rdfjson\3.4.3\rdf4j-rio-rdfjson-3.4.3.jar;C:\Users\Albrecht\.m2\repository\org\eclipse\rdf4j\rdf4j-rio-jsonld\3.4.3\rdf4j-rio-jsonld-3.4.3.jar;C:\Users\Albrecht\.m2\repository\org\apache\httpcomponents\httpclient\4.5.10\httpclient-4.5.10.jar;C:\Users\Albrecht\.m2\repository\org\apache\httpcomponents\httpcore\4.4.12\httpcore-4.4.12.jar;C:\Users\Albrecht\.m2\repository\org\apache\httpcomponents\httpclient-cache\4.5.10\httpclient-cache-4.5.10.jar;C:\Users\Albrecht\.m2\repository\org\eclipse\rdf4j\rdf4j-rio-rdfxml\3.4.3\rdf4j-rio-rdfxml-3.4.3.jar;C:\Users\Albrecht\.m2\repository\org\eclipse\rdf4j\rdf4j-rio-trix\3.4.3\rdf4j-rio-trix-3.4.3.jar;C:\Users\Albrecht\.m2\repository\org\eclipse\rdf4j\rdf4j-rio-turtle\3.4.3\rdf4j-rio-turtle-3.4.3.jar;C:\Users\Albrecht\.m2\repository\org\eclipse\rdf4j\rdf4j-rio-trig\3.4.3\rdf4j-rio-trig-3.4.3.jar;C:\Users\Albrecht\.m2\repository\org\eclipse\rdf4j\rdf4j-rio-hdt\3.4.3\rdf4j-rio-hdt-3.4.3.jar;C:\Users\Albrecht\.m2\repository\org\eclipse\rdf4j\rdf4j-util\3.4.3\rdf4j-util-3.4.3.jar;C:\Users\Albrecht\.m2\repository\com\github\jsonld-java\jsonld-java\0.13.0\jsonld-java-0.13.0.jar;C:\Users\Albrecht\.m2\repository\org\apache\httpcomponents\httpclient-osgi\4.5.10\httpclient-osgi-4.5.10.jar;C:\Users\Albrecht\.m2\repository\commons-codec\commons-codec\1.11\commons-codec-1.11.jar;C:\Users\Albrecht\.m2\repository\org\apache\httpcomponents\httpmime\4.5.10\httpmime-4.5.10.jar;C:\Users\Albrecht\.m2\repository\org\apache\httpcomponents\fluent-hc\4.5.10\fluent-hc-4.5.10.jar;C:\Users\Albrecht\.m2\repository\org\apache\httpcomponents\httpcore-osgi\4.4.12\httpcore-osgi-4.4.12.jar;C:\Users\Albrecht\.m2\repository\org\apache\httpcomponents\httpcore-nio\4.4.12\httpcore-nio-4.4.12.jar;C:\Users\Albrecht\.m2\repository\com\github\vsonnier\hppcrt\0.7.5\hppcrt-0.7.5.jar;C:\Users\Albrecht\.m2\repository\com\github\ben-manes\caffeine\caffeine\2.8.1\caffeine-2.8.1.jar;C:\Users\Albrecht\.m2\repository\org\checkerframework\checker-qual\3.1.0\checker-qual-3.1.0.jar;C:\Users\Albrecht\.m2\repository\com\google\errorprone\error_prone_annotations\2.3.4\error_prone_annotations-2.3.4.jar;C:\Users\Albrecht\.m2\repository\com\google\guava\guava\30.0-jre\guava-30.0-jre.jar;C:\Users\Albrecht\.m2\repository\com\google\guava\failureaccess\1.0.1\failureaccess-1.0.1.jar;C:\Users\Albrecht\.m2\repository\com\google\guava\listenablefuture\9999.0-empty-to-avoid-conflict-with-guava\listenablefuture-9999.0-empty-to-avoid-conflict-with-guava.jar;C:\Users\Albrecht\.m2\repository\com\google\j2objc\j2objc-annotations\1.3\j2objc-annotations-1.3.jar;C:\Users\Albrecht\.m2\repository\com\google\code\findbugs\jsr305\3.0.2\jsr305-3.0.2.jar;C:\Users\Albrecht\.m2\repository\commons-io\commons-io\2.6\commons-io-2.6.jar;C:\Users\Albrecht\.m2\repository\org\apache\jena\jena-shacl\4.9.0\jena-shacl-4.9.0.jar;C:\Users\Albrecht\.m2\repository\org\apache\jena\jena-arq\4.9.0\jena-arq-4.9.0.jar;C:\Users\Albrecht\.m2\repository\org\apache\jena\jena-core\4.9.0\jena-core-4.9.0.jar;C:\Users\Albrecht\.m2\repository\org\apache\jena\jena-base\4.9.0\jena-base-4.9.0.jar;C:\Users\Albrecht\.m2\repository\org\apache\commons\commons-csv\1.10.0\commons-csv-1.10.0.jar;C:\Users\Albrecht\.m2\repository\org\apache\commons\commons-compress\1.23.0\commons-compress-1.23.0.jar;C:\Users\Albrecht\.m2\repository\org\apache\commons\commons-collections4\4.4\commons-collections4-4.4.jar;C:\Users\Albrecht\.m2\repository\com\github\andrewoma\dexx\collection\0.7\collection-0.7.jar;C:\Users\Albrecht\.m2\repository\org\apache\jena\jena-iri\4.9.0\jena-iri-4.9.0.jar;C:\Users\Albrecht\.m2\repository\commons-cli\commons-cli\1.5.0\commons-cli-1.5.0.jar;C:\Users\Albrecht\.m2\repository\org\roaringbitmap\RoaringBitmap\0.9.45\RoaringBitmap-0.9.45.jar;C:\Users\Albrecht\.m2\repository\org\roaringbitmap\shims\0.9.45\shims-0.9.45.jar;C:\Users\Albrecht\.m2\repository\com\google\code\gson\gson\2.10.1\gson-2.10.1.jar;C:\Users\Albrecht\.m2\repository\com\apicatalog\titanium-json-ld\1.3.2\titanium-json-ld-1.3.2.jar;C:\Users\Albrecht\.m2\repository\org\glassfish\jakarta.json\2.0.1\jakarta.json-2.0.1.jar;C:\Users\Albrecht\.m2\repository\com\google\protobuf\protobuf-java\3.23.3\protobuf-java-3.23.3.jar;C:\Users\Albrecht\.m2\repository\org\apache\thrift\libthrift\0.18.1\libthrift-0.18.1.jar;C:\Users\Albrecht\.m2\repository\org\apache\commons\commons-lang3\3.12.0\commons-lang3-3.12.0.jar;C:\Users\Albrecht\.m2\repository\org\apache\jena\jena-tdb2\4.9.0\jena-tdb2-4.9.0.jar;C:\Users\Albrecht\.m2\repository\org\apache\jena\jena-dboe-storage\4.9.0\jena-dboe-storage-4.9.0.jar;C:\Users\Albrecht\.m2\repository\org\apache\jena\jena-dboe-trans-data\4.9.0\jena-dboe-trans-data-4.9.0.jar;C:\Users\Albrecht\.m2\repository\org\apache\jena\jena-dboe-transaction\4.9.0\jena-dboe-transaction-4.9.0.jar;C:\Users\Albrecht\.m2\repository\org\apache\jena\jena-dboe-base\4.9.0\jena-dboe-base-4.9.0.jar;C:\Users\Albrecht\.m2\repository\org\apache\jena\jena-dboe-index\4.9.0\jena-dboe-index-4.9.0.jar;C:\Users\Albrecht\.m2\repository\com\clarkparsia\pellet\2.2.2\pellet-2.2.2.jar;C:\Users\Albrecht\.m2\repository\junit\junit\4.13.2\junit-4.13.2.jar;C:\Users\Albrecht\.m2\repository\org\hamcrest\hamcrest-core\1.3\hamcrest-core-1.3.jar;G:\Promo\cModeler_Git\cMM\OCCP_Dev2\lib\aterm-java-1.6.jar;"/>
    <property name="sun.cpu.endian" value="little"/>
    <property name="user.home" value="C:\Users\Albrecht"/>
    <property name="user.language" value="de"/>
    <property name="java.specification.vendor" value="Oracle Corporation"/>
    <property name="java.version.date" value="2024-10-15"/>
    <property name="java.home" value="C:\Program Files\Java\jdk-23"/>
    <property name="file.separator" value="\"/>
    <property name="basedir" value="G:\Promo\cModeler_Git\cMM\OCCP_Dev2\PelletValidator"/>
    <property name="java.vm.compressedOopsMode" value="Zero based"/>
    <property name="line.separator" value="&#10;"/>
    <property name="java.vm.specification.vendor" value="Oracle Corporation"/>
    <property name="java.specification.name" value="Java Platform API Specification"/>
    <property name="surefire.real.class.path" value="C:\Users\Albrecht\AppData\Local\Temp\surefire351349718873422605\surefirebooter-20250305134756801_3.jar"/>
    <property name="user.script" value=""/>
    <property name="sun.management.compiler" value="HotSpot 64-Bit Tiered Compilers"/>
    <property name="java.runtime.version" value="23.0.1+11-39"/>
    <property name="user.name" value="Albrecht"/>
    <property name="stdout.encoding" value="Cp1252"/>
    <property name="path.separator" value=";"/>
    <property name="os.version" value="10.0"/>
    <property name="java.runtime.name" value="Java(TM) SE Runtime Environment"/>
    <property name="file.encoding" value="UTF-8"/>
    <property name="java.vm.name" value="Java HotSpot(TM) 64-Bit Server VM"/>
    <property name="localRepository" value="C:\Users\Albrecht\.m2\repository"/>
    <property name="java.vendor.url.bug" value="https://bugreport.java.com/bugreport/"/>
    <property name="java.io.tmpdir" value="C:\Users\Albrecht\AppData\Local\Temp\"/>
    <property name="java.version" value="23.0.1"/>
    <property name="user.dir" value="G:\Promo\cModeler_Git\cMM\OCCP_Dev2\PelletValidator"/>
    <property name="os.arch" value="amd64"/>
    <property name="java.vm.specification.name" value="Java Virtual Machine Specification"/>
    <property name="sun.os.patch.level" value=""/>
    <property name="native.encoding" value="Cp1252"/>
    <property name="java.library.path" value="C:\Program Files\Java\jdk-23\bin;C:\Windows\Sun\Java\bin;C:\Windows\system32;C:\Windows;C:\Program Files\Common Files\Oracle\Java\javapath;C:\Program Files (x86)\Common Files\Oracle\Java\java8path;C:\Program Files (x86)\Common Files\Oracle\Java\javapath;C:\Program Files (x86)\Common Files\Intel\Shared Libraries\redist\intel64_win\compiler;C:\ProgramData\Oracle\Java\javapath;C:\Program Files (x86)\Common Files\Intel\Shared Libraries\redist\intel64\compiler;C:\Windows\system32;C:\Windows;C:\Windows\System32\Wbem;C:\Windows\System32\WindowsPowerShell\v1.0\;C:\Program Files (x86)\ATI Technologies\ATI.ACE\Core-Static;C:\Program Files (x86)\NVIDIA Corporation\PhysX\Common;C:\Program Files\Calibre2\;C:\Program Files (x86)\Skype\Phone\;G:\Programme (Win8)\QuickTime\QTSystem\;C:\Windows\system32;C:\Windows;C:\Windows\System32\Wbem;C:\Windows\System32\WindowsPowerShell\v1.0\;C:\Windows\System32\OpenSSH\;C:\Program Files\Crucial\Crucial Storage Executive;C:\Program Files (x86)\Common Files\Propellerhead Software\ReWire\;C:\Program Files\Common Files\Propellerhead Software\ReWire\;C:\Program Files\dotnet\;C:\Program Files\Git\cmd;C:\Program Files\nodejs\;C:\ProgramData\chocolatey\bin;C:\Program Files (x86)\Java\latest\jre-1.8\bin;C:\Program Files\Java\jdk-23\bin;G:\Promo\Apache_Jena\apache-jena-5.2.0\bin;G:\Promo\Apache_Jena\apache-jena-5.2.0\bat;G:\Promo\Apache_Jena\jena-fuseki-5.3.0\;G:\Promo\Maven\bin;C:\Users\Albrecht\AppData\Local\Programs\Python\Python311\Scripts\;C:\Users\Albrecht\AppData\Local\Programs\Python\Python311\;C:\Users\Albrecht\AppData\Local\Programs\Python\Python313\Scripts\;C:\Users\Albrecht\AppData\Local\Programs\Python\Python313\;G:\Python\Scripts\;G:\Python\;C:\Users\Albrecht\AppData\Local\Microsoft\WindowsApps;C:\Users\Albrecht\.dotnet\tools;C:\Users\Albrecht\AppData\Local\Programs\Microsoft VS Code\bin;C:\Users\Albrecht\AppData\Local\GitHubDesktop\bin;C:\Users\Albrecht\AppData\Roaming\npm;C:\Users\Albrecht\AppData\Roaming\Programs\Zero Install;."/>
    <property name="java.vm.info" value="mixed mode, sharing"/>
    <property name="stderr.encoding" value="Cp1252"/>
    <property name="java.vendor" value="Oracle Corporation"/>
    <property name="java.vm.version" value="23.0.1+11-39"/>
    <property name="sun.io.unicode.encoding" value="UnicodeLittle"/>
    <property name="java.class.version" value="67.0"/>
  </properties>
  <testcase name="testApp" classname="com.example.AppTest" time="0.002"/>
</testsuite>